<?xml version="1.0" encoding="UTF-8"?>
<testsuite name="ohtuesimerkki.StatisticsTest" tests="5" skipped="0" failures="0" errors="0" timestamp="2017-11-05T08:27:01" hostname="Kuubi" time="0.0">
  <properties/>
  <testcase name="teamPalauttaaTyhjanKunTiimiEiOleListalla" classname="ohtuesimerkki.StatisticsTest" time="0.0"/>
  <testcase name="topScorersPalauttaaOikein" classname="ohtuesimerkki.StatisticsTest" time="0.0"/>
  <testcase name="searchPalauttaaNullJosPelaajaEiListalla" classname="ohtuesimerkki.StatisticsTest" time="0.0"/>
  <testcase name="searchLoytaaListallaOlevanPelaajan" classname="ohtuesimerkki.StatisticsTest" time="0.0"/>
  <testcase name="teamPalauttaaTiiminOikein" classname="ohtuesimerkki.StatisticsTest" time="0.0"/>
  <system-out><![CDATA[]]></system-out>
  <system-err><![CDATA[]]></system-err>
</testsuite>
